2024-11-03 19:04:20,869 - discord_bot - INFO - Iniciando inicialização do bot...
2024-11-03 19:04:20,870 - discord_bot - INFO - Bot inicializado com sucesso
2024-11-03 19:04:21,560 - discord_bot - INFO - Iniciando setup do bot...
2024-11-03 19:04:21,560 - discord_bot - INFO - Iniciando carregamento dos cogs...
2024-11-03 19:04:21,660 - discord_bot - INFO - Iniciando sincronização de comandos...
2024-11-03 19:04:22,120 - discord_bot - INFO - Setup do bot concluído!
2024-11-03 19:04:24,753 - discord_bot - INFO - Bot logado como: Bot André
2024-11-03 19:04:24,753 - discord_bot - INFO - Bot ID: 850596813001326643
2024-11-03 19:04:24,753 - discord_bot - INFO - --------------------
2024-11-03 19:10:22,752 - discord_bot - INFO - Bot encerrado pelo usuário
2024-11-03 19:17:08,720 - discord_bot - INFO - Iniciando inicialização do bot...
2024-11-03 19:17:08,721 - discord_bot - INFO - Bot inicializado com sucesso
2024-11-03 19:17:09,460 - discord_bot - INFO - Iniciando setup do bot...
2024-11-03 19:17:09,460 - discord_bot - INFO - Iniciando carregamento dos cogs...
2024-11-03 19:17:09,479 - discord_bot - INFO - Iniciando sincronização de comandos...
2024-11-03 19:17:09,834 - discord_bot - INFO - Setup do bot concluído!
2024-11-03 19:17:12,812 - discord_bot - INFO - Bot logado como: Bot André
2024-11-03 19:17:12,812 - discord_bot - INFO - Bot ID: 850596813001326643
2024-11-03 19:17:12,812 - discord_bot - INFO - --------------------
2024-11-03 19:27:18,391 - discord_bot - INFO - Bot encerrado pelo usuário
2024-11-03 19:27:20,726 - discord_bot - INFO - Iniciando inicialização do bot...
2024-11-03 19:27:20,727 - discord_bot - INFO - Bot inicializado com sucesso
2024-11-03 19:27:21,544 - discord_bot - INFO - Iniciando setup do bot...
2024-11-03 19:27:21,545 - discord_bot - INFO - Iniciando carregamento dos cogs...
2024-11-03 19:27:21,564 - discord_bot - INFO - Iniciando sincronização de comandos...
2024-11-03 19:27:22,090 - discord_bot - INFO - Setup do bot concluído!
2024-11-03 19:27:24,713 - discord_bot - INFO - Bot logado como: Bot André
2024-11-03 19:27:24,713 - discord_bot - INFO - Bot ID: 850596813001326643
2024-11-03 19:27:24,714 - discord_bot - INFO - --------------------
2024-11-03 19:41:40,900 - discord_bot - INFO - Bot encerrado pelo usuário
2024-11-03 19:41:43,146 - discord_bot - INFO - Iniciando inicialização do bot...
2024-11-03 19:41:43,147 - discord_bot - INFO - Bot inicializado com sucesso
2024-11-03 19:41:43,984 - discord_bot - INFO - Iniciando setup do bot...
2024-11-03 19:41:43,984 - discord_bot - INFO - Iniciando carregamento dos cogs...
2024-11-03 19:41:44,001 - discord_bot - INFO - Iniciando sincronização de comandos...
2024-11-03 19:41:44,341 - discord_bot - INFO - Setup do bot concluído!
2024-11-03 19:41:47,143 - discord_bot - INFO - Bot logado como: Bot André
2024-11-03 19:41:47,143 - discord_bot - INFO - Bot ID: 850596813001326643
2024-11-03 19:41:47,143 - discord_bot - INFO - --------------------
